

Version:	3.50
CmdLine:	C:\Users\Utilisateur\OneDrive - Enseignement de la Province de Liège\Projet Bac\Bac v2.0.0.300125 (WIP)\Gesti'Bac.exe --l4j-debug
JNI:		No
WOW64:		Yes
Working dir:	C:\Users\Utilisateur\OneDrive - Enseignement de la Province de Liège\Projet Bac\Bac v2.0.0.300125 (WIP)\.
Requires JDK:	No
Requires 64-Bit: No
Java min ver:	
Java max ver:	
JRE paths:	Java\
Check launcher:	C:\Users\Utilisateur\OneDrive - Enseignement de la Province de Liège\Projet Bac\Bac v2.0.0.300125 (WIP)\Java\bin\javaw.exe (not found)
Error msg:	This application requires a Java Runtime Environment.


Version:	3.50
CmdLine:	C:\Users\Utilisateur\OneDrive - Enseignement de la Province de Liège\Projet Bac\Bac v2.0.0.300125 (WIP)\Gesti'Bac.exe --l4j-debug
JNI:		No
WOW64:		Yes
Working dir:	C:\Users\Utilisateur\OneDrive - Enseignement de la Province de Liège\Projet Bac\Bac v2.0.0.300125 (WIP)\.
Requires JDK:	No
Requires 64-Bit: No
Java min ver:	
Java max ver:	
JRE paths:	Java\
Check launcher:	C:\Users\Utilisateur\OneDrive - Enseignement de la Province de Liège\Projet Bac\Bac v2.0.0.300125 (WIP)\Java\bin\javaw.exe (not found)
Error msg:	This application requires a Java Runtime Environment.


Version:	3.50
CmdLine:	C:\Users\Utilisateur\OneDrive - Enseignement de la Province de Liège\Projet Bac\Bac v2.0.0.300125 (WIP)\Gesti'Bac.exe --l4j-debug
JNI:		No
WOW64:		Yes
Working dir:	C:\Users\Utilisateur\OneDrive - Enseignement de la Province de Liège\Projet Bac\Bac v2.0.0.300125 (WIP)\.
Requires JDK:	No
Requires 64-Bit: No
Java min ver:	
Java max ver:	
JRE paths:	C:\Users\Utilisateur\OneDrive - Enseignement de la Province de Liège\Projet Bac\Bac v2.0.0.300125 (WIP)\Java\
Check launcher:	C:\Users\Utilisateur\OneDrive - Enseignement de la Province de Liège\Projet Bac\Bac v2.0.0.300125 (WIP)\Java\bin\javaw.exe (not found)
Error msg:	This application requires a Java Runtime Environment.


Version:	3.50
CmdLine:	C:\Users\Utilisateur\OneDrive - Enseignement de la Province de Liège\Projet Bac\Bac v2.0.0.300125 (WIP)\Gesti'Bac.exe --l4j-debug
JNI:		No
WOW64:		Yes
Working dir:	C:\Users\Utilisateur\OneDrive - Enseignement de la Province de Liège\Projet Bac\Bac v2.0.0.300125 (WIP)\.
Requires JDK:	No
Requires 64-Bit: No
Java min ver:	
Java max ver:	
JRE paths:	C:\Users\Utilisateur\OneDrive - Enseignement de la Province de Liège\Projet Bac\Bac v2.0.0.300125 (WIP)\Java\jre-1.8
Check launcher:	C:\Users\Utilisateur\OneDrive - Enseignement de la Province de Liège\Projet Bac\Bac v2.0.0.300125 (WIP)\Java\jre-1.8\bin\javaw.exe (OK)
Version string: 1.008.000_371 / 64-Bit (OK)
Launcher:	C:\Users\Utilisateur\OneDrive - Enseignement de la Province de Liège\Projet Bac\Bac v2.0.0.300125 (WIP)\Java\jre-1.8\bin\javaw.exe
Launcher args:	-jar "C:\Users\Utilisateur\OneDrive - Enseignement de la Province de Liège\Projet Bac\Bac v2.0.0.300125 (WIP)\Gesti'Bac.exe"
Args length:	124/32768 chars
Exit code:	0


Version:	3.50
CmdLine:	C:\Users\Utilisateur\OneDrive - Enseignement de la Province de Liège\Projet Bac\Bac v2.0.0.300125 (WIP)\Gesti'Bac.exe --l4j-debug
JNI:		No
WOW64:		Yes
Working dir:	C:\Users\Utilisateur\OneDrive - Enseignement de la Province de Liège\Projet Bac\Bac v2.0.0.300125 (WIP)\.
Requires JDK:	No
Requires 64-Bit: No
Java min ver:	
Java max ver:	
JRE paths:	C:\Users\Utilisateur\OneDrive - Enseignement de la Province de Liège\Projet Bac\Bac v2.0.0.300125 (WIP)\Java\jre-1.8
Check launcher:	C:\Users\Utilisateur\OneDrive - Enseignement de la Province de Liège\Projet Bac\Bac v2.0.0.300125 (WIP)\Java\jre-1.8\bin\javaw.exe (OK)
Version string: 1.008.000_371 / 64-Bit (OK)
Launcher:	C:\Users\Utilisateur\OneDrive - Enseignement de la Province de Liège\Projet Bac\Bac v2.0.0.300125 (WIP)\Java\jre-1.8\bin\javaw.exe
Launcher args:	-jar "C:\Users\Utilisateur\OneDrive - Enseignement de la Province de Liège\Projet Bac\Bac v2.0.0.300125 (WIP)\Gesti'Bac.exe"
Args length:	124/32768 chars
Exit code:	0


Version:	3.50
CmdLine:	C:\Users\Utilisateur\OneDrive - Enseignement de la Province de Liège\Projet Bac\Bac v2.0.0.300125 (WIP)\Gesti'Bac.exe --l4j-debug
JNI:		No
WOW64:		Yes
Working dir:	C:\Users\Utilisateur\OneDrive - Enseignement de la Province de Liège\Projet Bac\Bac v2.0.0.300125 (WIP)\.
Requires JDK:	No
Requires 64-Bit: No
Java min ver:	
Java max ver:	
JRE paths:	C:\Users\Utilisateur\OneDrive - Enseignement de la Province de Liège\Projet Bac\Bac v2.0.0.300125 (WIP)\jre-1.8
Check launcher:	C:\Users\Utilisateur\OneDrive - Enseignement de la Province de Liège\Projet Bac\Bac v2.0.0.300125 (WIP)\jre-1.8\bin\javaw.exe (OK)
Version string: 1.008.000_371 / 64-Bit (OK)
Launcher:	C:\Users\Utilisateur\OneDrive - Enseignement de la Province de Liège\Projet Bac\Bac v2.0.0.300125 (WIP)\jre-1.8\bin\javaw.exe
Launcher args:	-jar "C:\Users\Utilisateur\OneDrive - Enseignement de la Province de Liège\Projet Bac\Bac v2.0.0.300125 (WIP)\Gesti'Bac.exe"
Args length:	124/32768 chars
Exit code:	0
